============================================================
=== 批量合成完成 (训练集转录文本) ===
总subject数: 106
总目标句子数: 2844
总尝试数: 2844
总成功数: 2844
总体成功率: 100.0%
数据来源: 训练集转录文本（Healthy_Text_Pool + Depressed_Text_Pool）
Embedding使用方式: 仅 matched（dep==spk）
采样模式: 已移除
PHQ8_Binary分布: {0: 75, 1: 31}
输出基础文件夹: /data/depression_tts/synthese_data/v7_dep_slerp_1111_mask_FA
总体统计信息: /data/depression_tts/synthese_data/v7_dep_slerp_1111_mask_FA/overall_generation_stats.json
============================================================
============================================================
=== 批量合成完成 (训练集转录文本) ===
总subject数: 106
总目标句子数: 2844
总尝试数: 2844
总成功数: 2844
总体成功率: 100.0%
数据来源: 训练集转录文本（Healthy_Text_Pool + Depressed_Text_Pool）
Embedding使用方式: 仅 matched（dep==spk）
采样模式: 已移除
PHQ8_Binary分布: {0: 75, 1: 31}
输出基础文件夹: /data/depression_tts/synthese_data/v7_dep_slerp_1111_mask
总体统计信息: /data/depression_tts/synthese_data/v7_dep_slerp_1111_mask/overall_generation_stats.json
============================================================
============================================================
=== 批量合成完成 (训练集转录文本) ===
总subject数: 106
总目标句子数: 2844
总尝试数: 2844
总成功数: 2844
总体成功率: 100.0%
数据来源: 训练集转录文本（Healthy_Text_Pool + Depressed_Text_Pool）
Embedding使用方式: 仅 matched（dep==spk）
采样模式: 已移除
PHQ8_Binary分布: {0: 75, 1: 31}
输出基础文件夹: /data/depression_tts/synthese_data/v7_dep_slerp_1111_FA
总体统计信息: /data/depression_tts/synthese_data/v7_dep_slerp_1111_FA/overall_generation_stats.json
============================================================
============================================================
=== 批量合成完成 (训练集转录文本) ===
总subject数: 106
总目标句子数: 2844
总尝试数: 2844
总成功数: 2844
总体成功率: 100.0%
数据来源: 训练集转录文本（Healthy_Text_Pool + Depressed_Text_Pool）
Embedding使用方式: 仅 matched（dep==spk）
采样模式: 已移除
PHQ8_Binary分布: {0: 75, 1: 31}
输出基础文件夹: /data/depression_tts/synthese_data/v7_dep_slerp_1111_mask_no_contra
总体统计信息: /data/depression_tts/synthese_data/v7_dep_slerp_1111_mask_no_contra/overall_generation_stats.json
============================================================
============================================================
=== 批量合成完成 (训练集转录文本) ===
总subject数: 106
总目标句子数: 2844
总尝试数: 2844
总成功数: 2844
总体成功率: 100.0%
数据来源: 训练集转录文本（Healthy_Text_Pool + Depressed_Text_Pool）
Embedding使用方式: 仅 matched（dep==spk）
采样模式: 已移除
PHQ8_Binary分布: {0: 75, 1: 31}
输出基础文件夹: /data/depression_tts/synthese_data/v7_dep_slerp_1111_mask_FA_half
总体统计信息: /data/depression_tts/synthese_data/v7_dep_slerp_1111_mask_FA_half/overall_generation_stats.json
============================================================
============================================================
=== 批量合成完成 (训练集转录文本) ===
总subject数: 106
总目标句子数: 2844
总尝试数: 2844
总成功数: 2844
总体成功率: 100.0%
数据来源: 训练集转录文本（Healthy_Text_Pool + Depressed_Text_Pool）
Embedding使用方式: 仅 matched（dep==spk）
PHQ8_Binary分布: {0: 75, 1: 31}
输出基础文件夹: /data/depression_tts/synthese_data/v7_dep_slerp_1111_7mask_3FA
总体统计信息: /data/depression_tts/synthese_data/v7_dep_slerp_1111_7mask_3FA/overall_generation_stats.json
============================================================
============================================================
=== 批量合成完成 (训练集转录文本) ===
总subject数: 106
总目标句子数: 2984
总尝试数: 2984
总成功数: 2984
总体成功率: 100.0%
数据来源: 训练集转录文本（Healthy_Text_Pool + Depressed_Text_Pool）
Embedding使用方式: 仅 matched（dep==spk）
采样模式: 已移除
PHQ8_Binary分布: {0: 75, 1: 31}
输出基础文件夹: /data/depression_tts/synthese_data/v7_dep_slerp_1118_mask_FA_amplified
总体统计信息: /data/depression_tts/synthese_data/v7_dep_slerp_1118_mask_FA_amplified/overall_generation_stats.json
============================================================
